Traceback (most recent call last):
  File "C:\Users\ksr20\OneDrive\Desktop\Bajaj Finserv Datathon\venv\Lib\site-packages\pytesseract\pytesseract.py", line 451, in get_tesseract_version
    output = subprocess.check_output(
             ^^^^^^^^^^^^^^^^^^^^^^^^
  File "C:\Program Files\WindowsApps\PythonSoftwareFoundation.Python.3.12_3.12.2800.0_x64__qbz5n2kfra8p0\Lib\subprocess.py", line 466, in check_output
    return run(*popenargs, stdout=PIPE, timeout=timeout, check=True,
           ^^^^^^^^^^^^^^^^^^^^^^^^^^^^^^^^^^^^^^^^^^^^^^^^^^^^^^^^^
  File "C:\Program Files\WindowsApps\PythonSoftwareFoundation.Python.3.12_3.12.2800.0_x64__qbz5n2kfra8p0\Lib\subprocess.py", line 548, in run
    with Popen(*popenargs, **kwargs) as process:
         ^^^^^^^^^^^^^^^^^^^^^^^^^^^
  File "C:\Program Files\WindowsApps\PythonSoftwareFoundation.Python.3.12_3.12.2800.0_x64__qbz5n2kfra8p0\Lib\subprocess.py", line 1026, in __init__
    self._execute_child(args, executable, preexec_fn, close_fds,
  File "C:\Program Files\WindowsApps\PythonSoftwareFoundation.Python.3.12_3.12.2800.0_x64__qbz5n2kfra8p0\Lib\subprocess.py", line 1538, in _execute_child
    hp, ht, pid, tid = _winapi.CreateProcess(executable, args,
                       ^^^^^^^^^^^^^^^^^^^^^^^^^^^^^^^^^^^^^^^
FileNotFoundError: [WinError 2] The system cannot find the file specified

During handling of the above exception, another exception occurred:

Traceback (most recent call last):
  File "C:\Users\ksr20\OneDrive\Desktop\Bajaj Finserv Datathon\run_batch.py", line 115, in main
    debug_saved.append(str(mask_path))
                               ^^^^^^^^
  File "C:\Users\ksr20\OneDrive\Desktop\Bajaj Finserv Datathon\src\preprocessing_helpers.py", line 197, in detect_whiteout_and_lowconf
    tsv = pytesseract.image_to_data(prepped_img, output_type=pytesseract.Output.DICT)
          ^^^^^^^^^^^^^^^^^^^^^^^^^^^^^^^^^^^^^^^^^^^^^^^^^^^^^^^^^^^^^^^^^^^^^^^^^^^
  File "C:\Users\ksr20\OneDrive\Desktop\Bajaj Finserv Datathon\venv\Lib\site-packages\pytesseract\pytesseract.py", line 590, in image_to_data
    if get_tesseract_version(cached=True) < TESSERACT_MIN_VERSION:
       ^^^^^^^^^^^^^^^^^^^^^^^^^^^^^^^^^^
  File "C:\Users\ksr20\OneDrive\Desktop\Bajaj Finserv Datathon\venv\Lib\site-packages\pytesseract\pytesseract.py", line 163, in wrapper
    wrapper._result = func(*args, **kwargs)
                      ^^^^^^^^^^^^^^^^^^^^^
  File "C:\Users\ksr20\OneDrive\Desktop\Bajaj Finserv Datathon\venv\Lib\site-packages\pytesseract\pytesseract.py", line 458, in get_tesseract_version
    raise TesseractNotFoundError()
pytesseract.pytesseract.TesseractNotFoundError: tesseract is not installed or it's not in your PATH. See README file for more information.

During handling of the above exception, another exception occurred:

Traceback (most recent call last):
  File "C:\Users\ksr20\OneDrive\Desktop\Bajaj Finserv Datathon\run_batch.py", line 131, in main
    except Exception as e:
                    ^^^^^^^
  File "C:\Program Files\WindowsApps\PythonSoftwareFoundation.Python.3.12_3.12.2800.0_x64__qbz5n2kfra8p0\Lib\traceback.py", line 180, in print_exc
    print_exception(sys.exception(), limit=limit, file=file, chain=chain)
  File "C:\Program Files\WindowsApps\PythonSoftwareFoundation.Python.3.12_3.12.2800.0_x64__qbz5n2kfra8p0\Lib\traceback.py", line 125, in print_exception
    te.print(file=file, chain=chain)
  File "C:\Program Files\WindowsApps\PythonSoftwareFoundation.Python.3.12_3.12.2800.0_x64__qbz5n2kfra8p0\Lib\traceback.py", line 1050, in print
    print(line, file=file, end="")
OSError: [Errno 22] Invalid argument
